<?xml version="1.0" encoding="UTF-8"?>
<testng-results skipped="0" failed="0" ignored="0" total="2" passed="2">
  <reporter-output>
  </reporter-output>
  <suite name="Default suite" duration-ms="40971" started-at="2019-09-10T12:44:38Z" finished-at="2019-09-10T12:45:19Z">
    <groups>
      <group name="cucumber">
        <method signature="AbstractTestNGCucumberTests.runScenario(cucumber.api.testng.PickleEventWrapper, cucumber.api.testng.CucumberFeatureWrapper)[pri:0, instance:com.leafBot.testcases.TC001_LoginLogout@7d907bac]" name="runScenario" class="cucumber.api.testng.AbstractTestNGCucumberTests"/>
      </group> <!-- cucumber -->
    </groups>
    <test name="Default test" duration-ms="40971" started-at="2019-09-10T12:44:38Z" finished-at="2019-09-10T12:45:19Z">
      <class name="com.leafBot.testcases.TC001_LoginLogout">
        <test-method status="PASS" signature="startReport()[pri:0, instance:com.leafBot.testcases.TC001_LoginLogout@7d907bac]" name="startReport" is-config="true" duration-ms="985" started-at="2019-09-10T12:44:37Z" finished-at="2019-09-10T12:44:38Z">
          <reporter-output>
          </reporter-output>
        </test-method> <!-- startReport -->
        <test-method status="PASS" signature="setData()[pri:0, instance:com.leafBot.testcases.TC001_LoginLogout@7d907bac]" name="setData" is-config="true" duration-ms="0" started-at="2019-09-10T12:44:38Z" finished-at="2019-09-10T12:44:38Z">
          <reporter-output>
          </reporter-output>
        </test-method> <!-- setData -->
        <test-method status="PASS" signature="setUpClass()[pri:0, instance:com.leafBot.testcases.TC001_LoginLogout@7d907bac]" name="setUpClass" is-config="true" duration-ms="599" started-at="2019-09-10T12:44:38Z" finished-at="2019-09-10T12:44:39Z">
          <reporter-output>
          </reporter-output>
        </test-method> <!-- setUpClass -->
        <test-method status="PASS" signature="report()[pri:0, instance:com.leafBot.testcases.TC001_LoginLogout@7d907bac]" name="report" is-config="true" duration-ms="28" started-at="2019-09-10T12:44:39Z" finished-at="2019-09-10T12:44:39Z">
          <reporter-output>
          </reporter-output>
        </test-method> <!-- report -->
        <test-method status="PASS" signature="beforeMethod()[pri:0, instance:com.leafBot.testcases.TC001_LoginLogout@7d907bac]" name="beforeMethod" is-config="true" duration-ms="15140" started-at="2019-09-10T12:44:44Z" finished-at="2019-09-10T12:44:59Z">
          <reporter-output>
          </reporter-output>
        </test-method> <!-- beforeMethod -->
        <test-method status="PASS" signature="runTC001(java.lang.String, java.lang.String)[pri:0, instance:com.leafBot.testcases.TC001_LoginLogout@7d907bac]" name="runTC001" duration-ms="4003" started-at="2019-09-10T12:44:59Z" data-provider="fetchData" finished-at="2019-09-10T12:45:03Z">
          <params>
            <param index="0">
              <value>
                <![CDATA[DemoSalesManager]]>
              </value>
            </param>
            <param index="1">
              <value>
                <![CDATA[crmsfa]]>
              </value>
            </param>
          </params>
          <reporter-output>
          </reporter-output>
        </test-method> <!-- runTC001 -->
        <test-method status="PASS" signature="afterMethod()[pri:0, instance:com.leafBot.testcases.TC001_LoginLogout@7d907bac]" name="afterMethod" is-config="true" duration-ms="1152" started-at="2019-09-10T12:45:03Z" finished-at="2019-09-10T12:45:04Z">
          <reporter-output>
          </reporter-output>
        </test-method> <!-- afterMethod -->
        <test-method status="PASS" signature="beforeMethod()[pri:0, instance:com.leafBot.testcases.TC001_LoginLogout@7d907bac]" name="beforeMethod" is-config="true" duration-ms="11306" started-at="2019-09-10T12:45:04Z" finished-at="2019-09-10T12:45:15Z">
          <reporter-output>
          </reporter-output>
        </test-method> <!-- beforeMethod -->
        <test-method status="PASS" signature="runTC001(java.lang.String, java.lang.String)[pri:0, instance:com.leafBot.testcases.TC001_LoginLogout@7d907bac]" name="runTC001" duration-ms="3703" started-at="2019-09-10T12:45:15Z" data-provider="fetchData" finished-at="2019-09-10T12:45:19Z">
          <params>
            <param index="0">
              <value>
                <![CDATA[DemoCSR]]>
              </value>
            </param>
            <param index="1">
              <value>
                <![CDATA[crmsfa]]>
              </value>
            </param>
          </params>
          <reporter-output>
          </reporter-output>
        </test-method> <!-- runTC001 -->
        <test-method status="PASS" signature="afterMethod()[pri:0, instance:com.leafBot.testcases.TC001_LoginLogout@7d907bac]" name="afterMethod" is-config="true" duration-ms="308" started-at="2019-09-10T12:45:19Z" finished-at="2019-09-10T12:45:19Z">
          <reporter-output>
          </reporter-output>
        </test-method> <!-- afterMethod -->
        <test-method status="PASS" signature="tearDownClass()[pri:0, instance:com.leafBot.testcases.TC001_LoginLogout@7d907bac]" name="tearDownClass" is-config="true" duration-ms="10" started-at="2019-09-10T12:45:19Z" finished-at="2019-09-10T12:45:19Z">
          <reporter-output>
          </reporter-output>
        </test-method> <!-- tearDownClass -->
        <test-method status="PASS" signature="stopReport()[pri:0, instance:com.leafBot.testcases.TC001_LoginLogout@7d907bac]" name="stopReport" is-config="true" duration-ms="816" started-at="2019-09-10T12:45:20Z" finished-at="2019-09-10T12:45:21Z">
          <reporter-output>
          </reporter-output>
        </test-method> <!-- stopReport -->
      </class> <!-- com.leafBot.testcases.TC001_LoginLogout -->
    </test> <!-- Default test -->
  </suite> <!-- Default suite -->
</testng-results>
